[debug] [2018-12-28T19:20:12.321Z] ----------------------------------------------------------------------
[debug] [2018-12-28T19:20:12.324Z] Command:       C:\Program Files\nodejs\node.exe C:\Users\rgrimald\AppData\Roaming\npm\node_modules\firebase-tools\lib\bin\firebase.js login --reauth
[debug] [2018-12-28T19:20:12.324Z] CLI Version:   6.1.1
[debug] [2018-12-28T19:20:12.324Z] Platform:      win32
[debug] [2018-12-28T19:20:12.324Z] Node Version:  v8.12.0
[debug] [2018-12-28T19:20:12.326Z] Time:          Fri Dec 28 2018 13:20:12 GMT-0600 (Central America Standard Time)
[debug] [2018-12-28T19:20:12.326Z] ----------------------------------------------------------------------
[debug] 
[info] 
[info] Visit this URL on any device to log in:
[info] https://accounts.google.com/o/oauth2/auth?client_id=563584335869-fgrhgmd47bqnekij5i8b5pr03ho849e6.apps.googleusercontent.com&scope=email%20openid%20https%3A%2F%2Fwww.googleapis.com%2Fauth%2Fcloudplatformprojects.readonly%20https%3A%2F%2Fwww.googleapis.com%2Fauth%2Ffirebase%20https%3A%2F%2Fwww.googleapis.com%2Fauth%2Fcloud-platform&response_type=code&state=229341532&redirect_uri=http%3A%2F%2Flocalhost%3A9005
[info] 
[info] Waiting for authentication...
[debug] [2018-12-28T19:20:26.374Z] >>> HTTP REQUEST POST https://accounts.google.com/o/oauth2/token  

[debug] [2018-12-28T19:20:47.764Z] Token Fetch Error: Error
    at new FirebaseError (C:\Users\rgrimald\AppData\Roaming\npm\node_modules\firebase-tools\lib\error.js:9:18)
    at Request._callback (C:\Users\rgrimald\AppData\Roaming\npm\node_modules\firebase-tools\lib\api.js:28:31)
    at self.callback (C:\Users\rgrimald\AppData\Roaming\npm\node_modules\firebase-tools\node_modules\request\request.js:185:22)
    at emitOne (events.js:116:13)
    at Request.emit (events.js:211:7)
    at Request.onRequestError (C:\Users\rgrimald\AppData\Roaming\npm\node_modules\firebase-tools\node_modules\request\request.js:881:8)
    at emitOne (events.js:116:13)
    at ClientRequest.emit (events.js:211:7)
    at TLSSocket.socketErrorListener (_http_client.js:387:9)
    at emitOne (events.js:116:13)
